Determining if the pthread_create exist failed with the following output:
Change Dir: /home/ivashmak/Ransac/build/CMakeFiles/CMakeTmp

Run Build Command:"/usr/bin/make" "cmTC_66f26/fast"
make[1]: Entering directory '/home/ivashmak/Ransac/build/CMakeFiles/CMakeTmp'
/usr/bin/make -f CMakeFiles/cmTC_66f26.dir/build.make CMakeFiles/cmTC_66f26.dir/build
make[2]: Entering directory '/home/ivashmak/Ransac/build/CMakeFiles/CMakeTmp'
Building C object CMakeFiles/cmTC_66f26.dir/CheckSymbolExists.c.o
/usr/bin/cc    -o CMakeFiles/cmTC_66f26.dir/CheckSymbolExists.c.o   -c /home/ivashmak/Ransac/build/CMakeFiles/CMakeTmp/CheckSymbolExists.c
Linking C executable cmTC_66f26
/home/ivashmak/clion-2018.1.2/bin/cmake/bin/cmake -E cmake_link_script CMakeFiles/cmTC_66f26.dir/link.txt --verbose=1
/usr/bin/cc      -rdynamic CMakeFiles/cmTC_66f26.dir/CheckSymbolExists.c.o  -o cmTC_66f26 
CMakeFiles/cmTC_66f26.dir/CheckSymbolExists.c.o: In function `main':
CheckSymbolExists.c:(.text+0x16): undefined reference to `pthread_create'
collect2: error: ld returned 1 exit status
CMakeFiles/cmTC_66f26.dir/build.make:97: recipe for target 'cmTC_66f26' failed
make[2]: *** [cmTC_66f26] Error 1
make[2]: Leaving directory '/home/ivashmak/Ransac/build/CMakeFiles/CMakeTmp'
Makefile:126: recipe for target 'cmTC_66f26/fast' failed
make[1]: *** [cmTC_66f26/fast] Error 2
make[1]: Leaving directory '/home/ivashmak/Ransac/build/CMakeFiles/CMakeTmp'

File /home/ivashmak/Ransac/build/CMakeFiles/CMakeTmp/CheckSymbolExists.c:
/* */
#include <pthread.h>

int main(int argc, char** argv)
{
  (void)argv;
#ifndef pthread_create
  return ((int*)(&pthread_create))[argc];
#else
  (void)argc;
  return 0;
#endif
}

Determining if the function pthread_create exists in the pthreads failed with the following output:
Change Dir: /home/ivashmak/Ransac/build/CMakeFiles/CMakeTmp

Run Build Command:"/usr/bin/make" "cmTC_8cdd8/fast"
make[1]: Entering directory '/home/ivashmak/Ransac/build/CMakeFiles/CMakeTmp'
/usr/bin/make -f CMakeFiles/cmTC_8cdd8.dir/build.make CMakeFiles/cmTC_8cdd8.dir/build
make[2]: Entering directory '/home/ivashmak/Ransac/build/CMakeFiles/CMakeTmp'
Building C object CMakeFiles/cmTC_8cdd8.dir/CheckFunctionExists.c.o
/usr/bin/cc   -DCHECK_FUNCTION_EXISTS=pthread_create   -o CMakeFiles/cmTC_8cdd8.dir/CheckFunctionExists.c.o   -c /home/ivashmak/clion-2018.1.2/bin/cmake/share/cmake-3.10/Modules/CheckFunctionExists.c
Linking C executable cmTC_8cdd8
/home/ivashmak/clion-2018.1.2/bin/cmake/bin/cmake -E cmake_link_script CMakeFiles/cmTC_8cdd8.dir/link.txt --verbose=1
/usr/bin/cc  -DCHECK_FUNCTION_EXISTS=pthread_create    -rdynamic CMakeFiles/cmTC_8cdd8.dir/CheckFunctionExists.c.o  -o cmTC_8cdd8 -lpthreads 
/usr/bin/ld: cannot find -lpthreads
collect2: error: ld returned 1 exit status
CMakeFiles/cmTC_8cdd8.dir/build.make:97: recipe for target 'cmTC_8cdd8' failed
make[2]: *** [cmTC_8cdd8] Error 1
make[2]: Leaving directory '/home/ivashmak/Ransac/build/CMakeFiles/CMakeTmp'
Makefile:126: recipe for target 'cmTC_8cdd8/fast' failed
make[1]: *** [cmTC_8cdd8/fast] Error 2
make[1]: Leaving directory '/home/ivashmak/Ransac/build/CMakeFiles/CMakeTmp'


